# JRE version: OpenJDK Runtime Environment (11.0.15) (build 11.0.15+0-b2043.56-9505619)
# Java VM: OpenJDK 64-Bit Server VM (11.0.15+0-b2043.56-9505619, mixed mode, tiered, compressed oops, g1 gc, windows-amd64)
Heap:
 garbage-first heap   total 253952K, used 120832K [0x0000000080000000, 0x0000000100000000)
  region size 1024K, 36 young (36864K), 7 survivors (7168K)
 Metaspace       used 94618K, capacity 97540K, committed 97756K, reserved 1134592K
  class space    used 12303K, capacity 13372K, committed 13452K, reserved 1048576K
GC Heap History (20 events):
Event: 2.685 GC heap before
{Heap before GC invocations=1 (full 0):
 garbage-first heap   total 253952K, used 108618K [0x0000000080000000, 0x0000000100000000)
  region size 1024K, 100 young (102400K), 3 survivors (3072K)
 Metaspace       used 20799K, capacity 21147K, committed 21296K, reserved 1069056K
  class space    used 2508K, capacity 2646K, committed 2688K, reserved 1048576K
}
Event: 2.693 GC heap after
{Heap after GC invocations=2 (full 0):
 garbage-first heap   total 253952K, used 16927K [0x0000000080000000, 0x0000000100000000)
  region size 1024K, 11 young (11264K), 11 survivors (11264K)
 Metaspace       used 20799K, capacity 21147K, committed 21296K, reserved 1069056K
  class space    used 2508K, capacity 2646K, committed 2688K, reserved 1048576K
}
Event: 3.419 GC heap before
{Heap before GC invocations=3 (full 0):
 garbage-first heap   total 253952K, used 74271K [0x0000000080000000, 0x0000000100000000)
  region size 1024K, 68 young (69632K), 11 survivors (11264K)
 Metaspace       used 26857K, capacity 27475K, committed 27696K, reserved 1073152K
  class space    used 3459K, capacity 3702K, committed 3712K, reserved 1048576K
}
Event: 3.425 GC heap after
{Heap after GC invocations=4 (full 0):
 garbage-first heap   total 253952K, used 19431K [0x0000000080000000, 0x0000000100000000)
  region size 1024K, 3 young (3072K), 3 survivors (3072K)
 Metaspace       used 26857K, capacity 27475K, committed 27696K, reserved 1073152K
  class space    used 3459K, capacity 3702K, committed 3712K, reserved 1048576K
}
Event: 4.382 GC heap before
{Heap before GC invocations=4 (full 0):
 garbage-first heap   total 253952K, used 79847K [0x0000000080000000, 0x0000000100000000)
  region size 1024K, 63 young (64512K), 3 survivors (3072K)
 Metaspace       used 35036K, capacity 35857K, committed 35920K, reserved 1081344K
  class space    used 4510K, capacity 4837K, committed 4864K, reserved 1048576K
}
Event: 4.388 GC heap after
{Heap after GC invocations=5 (full 0):
 garbage-first heap   total 253952K, used 22183K [0x0000000080000000, 0x0000000100000000)
  region size 1024K, 6 young (6144K), 6 survivors (6144K)
 Metaspace       used 35036K, capacity 35857K, committed 35920K, reserved 1081344K
  class space    used 4510K, capacity 4837K, committed 4864K, reserved 1048576K
}
Event: 5.456 GC heap before
{Heap before GC invocations=6 (full 0):
 garbage-first heap   total 253952K, used 139943K [0x0000000080000000, 0x0000000100000000)
  region size 1024K, 118 young (120832K), 6 survivors (6144K)
 Metaspace       used 44990K, capacity 46066K, committed 46364K, reserved 1089536K
  class space    used 5645K, capacity 6048K, committed 6092K, reserved 1048576K
}
Event: 5.476 GC heap after
{Heap after GC invocations=7 (full 0):
 garbage-first heap   total 253952K, used 30513K [0x0000000080000000, 0x0000000100000000)
  region size 1024K, 14 young (14336K), 14 survivors (14336K)
 Metaspace       used 44990K, capacity 46066K, committed 46364K, reserved 1089536K
  class space    used 5645K, capacity 6048K, committed 6092K, reserved 1048576K
}
Event: 7.111 GC heap before
{Heap before GC invocations=8 (full 0):
 garbage-first heap   total 253952K, used 174897K [0x0000000080000000, 0x0000000100000000)
  region size 1024K, 148 young (151552K), 14 survivors (14336K)
 Metaspace       used 51652K, capacity 53116K, committed 53276K, reserved 1095680K
  class space    used 6500K, capacity 7056K, committed 7116K, reserved 1048576K
}
Event: 7.122 GC heap after
{Heap after GC invocations=9 (full 0):
 garbage-first heap   total 253952K, used 49618K [0x0000000080000000, 0x0000000100000000)
  region size 1024K, 19 young (19456K), 19 survivors (19456K)
 Metaspace       used 51652K, capacity 53116K, committed 53276K, reserved 1095680K
  class space    used 6500K, capacity 7056K, committed 7116K, reserved 1048576K
}
Event: 8.607 GC heap before
{Heap before GC invocations=9 (full 0):
 garbage-first heap   total 253952K, used 181714K [0x0000000080000000, 0x0000000100000000)
  region size 1024K, 148 young (151552K), 19 survivors (19456K)
 Metaspace       used 67087K, capacity 68870K, committed 69148K, reserved 1110016K
  class space    used 8406K, capacity 9027K, committed 9164K, reserved 1048576K
}
Event: 8.642 GC heap after
{Heap after GC invocations=10 (full 0):
 garbage-first heap   total 253952K, used 57995K [0x0000000080000000, 0x0000000100000000)
  region size 1024K, 9 young (9216K), 9 survivors (9216K)
 Metaspace       used 67087K, capacity 68870K, committed 69148K, reserved 1110016K
  class space    used 8406K, capacity 9027K, committed 9164K, reserved 1048576K
}
Event: 9.894 GC heap before
{Heap before GC invocations=10 (full 0):
 garbage-first heap   total 253952K, used 168587K [0x0000000080000000, 0x0000000100000000)
  region size 1024K, 118 young (120832K), 9 survivors (9216K)
 Metaspace       used 75399K, capacity 77208K, committed 77276K, reserved 1116160K
  class space    used 9646K, capacity 10320K, committed 10380K, reserved 1048576K
}
Event: 9.912 GC heap after
{Heap after GC invocations=11 (full 0):
 garbage-first heap   total 253952K, used 64759K [0x0000000080000000, 0x0000000100000000)
  region size 1024K, 16 young (16384K), 16 survivors (16384K)
 Metaspace       used 75399K, capacity 77208K, committed 77276K, reserved 1116160K
  class space    used 9646K, capacity 10320K, committed 10380K, reserved 1048576K
}
Event: 11.317 GC heap before
{Heap before GC invocations=12 (full 0):
 garbage-first heap   total 253952K, used 194807K [0x0000000080000000, 0x0000000100000000)
  region size 1024K, 143 young (146432K), 16 survivors (16384K)
 Metaspace       used 84428K, capacity 86480K, committed 86748K, reserved 1124352K
  class space    used 10842K, capacity 11556K, committed 11660K, reserved 1048576K
}
Event: 11.331 GC heap after
{Heap after GC invocations=13 (full 0):
 garbage-first heap   total 253952K, used 75083K [0x0000000080000000, 0x0000000100000000)
  region size 1024K, 18 young (18432K), 18 survivors (18432K)
 Metaspace       used 84428K, capacity 86480K, committed 86748K, reserved 1124352K
  class space    used 10842K, capacity 11556K, committed 11660K, reserved 1048576K
}
Event: 12.291 GC heap before
{Heap before GC invocations=13 (full 0):
 garbage-first heap   total 253952K, used 195915K [0x0000000080000000, 0x0000000100000000)
  region size 1024K, 137 young (140288K), 18 survivors (18432K)
 Metaspace       used 88184K, capacity 91110K, committed 91356K, reserved 1128448K
  class space    used 11550K, capacity 12605K, committed 12684K, reserved 1048576K
}
Event: 12.303 GC heap after
{Heap after GC invocations=14 (full 0):
 garbage-first heap   total 253952K, used 85742K [0x0000000080000000, 0x0000000100000000)
  region size 1024K, 11 young (11264K), 11 survivors (11264K)
 Metaspace       used 88184K, capacity 91110K, committed 91356K, reserved 1128448K
  class space    used 11550K, capacity 12605K, committed 12684K, reserved 1048576K
}
Event: 13.145 GC heap before
{Heap before GC invocations=14 (full 0):
 garbage-first heap   total 253952K, used 198382K [0x0000000080000000, 0x0000000100000000)
  region size 1024K, 122 young (124928K), 11 survivors (11264K)
 Metaspace       used 92536K, capacity 95428K, committed 95452K, reserved 1132544K
  class space    used 12090K, capacity 13180K, committed 13196K, reserved 1048576K
}
Event: 13.154 GC heap after
{Heap after GC invocations=15 (full 0):
 garbage-first heap   total 253952K, used 92160K [0x0000000080000000, 0x0000000100000000)
  region size 1024K, 7 young (7168K), 7 survivors (7168K)
 Metaspace       used 92536K, capacity 95428K, committed 95452K, reserved 1132544K
  class space    used 12090K, capacity 13180K, committed 13196K, reserved 1048576K
}

